<?xml version="1.0" encoding="UTF-8"?>
<!-- Generated by org.testng.reporters.JUnitXMLReporter -->
<testsuite ignored="0" hostname="DESKTOP-TQMQ11K" failures="0" tests="3" name="DatePickerTest" time="79.136" errors="0" timestamp="2023-01-04T19:05:33 IST">
  <testcase classname="testngbasicprograms.DatePicker" name="clickOnDatePicker" time="6.855"/>
  <testcase classname="testngbasicprograms.DatePicker" name="datePicker" time="1.138"/>
  <testcase classname="testngbasicprograms.DatePicker" name="searchKeyWord" time="64.087"/>
</testsuite> <!-- DatePickerTest -->
