<?xml version="1.0" encoding="UTF-8"?>
<!-- Generated by org.testng.reporters.JUnitXMLReporter -->
<testsuite ignored="0" hostname="DESKTOP-TQMQ11K" failures="0" tests="4" name="GoogleDataDriven" time="30.095" errors="0" timestamp="2022-12-29T00:08:01 IST">
  <testcase classname="test.ng.TestingClass" name="sendKeys" time="0.161"/>
  <testcase classname="test.ng.TestingClass" name="sendKeys" time="0.167"/>
  <testcase classname="test.ng.TestingClass" name="sendKeys" time="0.134"/>
  <testcase classname="test.ng.TestingClass" name="sendKeys" time="0.323"/>
</testsuite> <!-- GoogleDataDriven -->
