<?xml version="1.0" encoding="UTF-8"?>
<!-- Generated by org.testng.reporters.JUnitXMLReporter -->
<testsuite ignored="0" hostname="DESKTOP-TQMQ11K" failures="1" tests="1" name="FaceBookTest" time="5.514" errors="0" timestamp="2023-01-10T13:19:31 IST">
  <testcase classname="practice.FaceBookDemo" name="loginFaceBook" time="0.037">
    <failure type="java.lang.AssertionError" message="expected [Facebook – log in or sign up] but found [pageTitle]">
      <![CDATA[java.lang.AssertionError: expected [Facebook – log in or sign up] but found [pageTitle]
at practice.FaceBookDemo.loginFaceBook(FaceBookDemo.java:35)
at java.base/java.util.ArrayList.forEach(ArrayList.java:1511)
... Removed 31 stack frames]]>
    </failure>
  </testcase> <!-- loginFaceBook -->
</testsuite> <!-- FaceBookTest -->
