<?xml version="1.0" encoding="UTF-8"?>
<!-- Generated by org.testng.reporters.JUnitXMLReporter -->
<testsuite ignored="4" hostname="DESKTOP-TQMQ11K" failures="0" tests="4" name="GroupTest" time="0.161" errors="0" timestamp="2022-12-28T18:37:09 IST">
  <testcase classname="testngbasicprograms.TestingProcess" name="smokeTest1" time="0.026"/>
  <testcase classname="testngbasicprograms.TestingProcess" name="smokeTest2" time="0.004"/>
  <testcase classname="testngbasicprograms.TestingProcess2" name="smokeTest3" time="0.004"/>
  <testcase classname="testngbasicprograms.TestingProcess2" name="smokeTest4" time="0.003"/>
  <testcase classname="testngbasicprograms.TestingProcess" name="regressionTest1" time="0.0">
    <ignored/>
  </testcase> <!-- regressionTest1 -->
  <testcase classname="testngbasicprograms.TestingProcess" name="regressionTest2" time="0.0">
    <ignored/>
  </testcase> <!-- regressionTest2 -->
  <testcase classname="testngbasicprograms.TestingProcess2" name="regressionTest1" time="0.0">
    <ignored/>
  </testcase> <!-- regressionTest1 -->
  <testcase classname="testngbasicprograms.TestingProcess2" name="regressionTest2" time="0.0">
    <ignored/>
  </testcase> <!-- regressionTest2 -->
</testsuite> <!-- GroupTest -->
